WARNING:root:Skipping range-based label: 10 kilogram to 15 kilogram
ERROR:root:Error processing image /home/rguktrkvalley/Desktop/images/41wvffSxB4L.jpg: image file is truncated (6 bytes not processed)
WARNING:root:No value and unit found in text: Oa

 

WARNING:root:No valid value and unit found in /home/rguktrkvalley/Desktop/images/61I9XdN6OFL.jpg
WARNING:root:No value and unit found in text:       
 

 

GEPRAGTES

par Sitaram]

a UND GESCHUTZTE DESIGNS

WARNING:root:No valid value and unit found in /home/rguktrkvalley/Desktop/images/71gSRbyXmoL.jpg
INFO:root:Extracted from /home/rguktrkvalley/Desktop/images/61BZ4zrjZXL.jpg: 0.709 g
WARNING:root:No value and unit found in text:  

WARNING:root:No valid value and unit found in /home/rguktrkvalley/Desktop/images/612mrlqiI4L.jpg
WARNING:root:No value and unit found in text: Sos ai ace

PSYLLIUM

HUSK

 

WARNING:root:No valid value and unit found in /home/rguktrkvalley/Desktop/images/617Tl40LOXL.jpg
WARNING:root:No value and unit found in text:  

   
 
 
 
 
 
  
    

¢ Naturally-Sourced Psyllium

SEER EERE

* High strength 1400mg
per serving
a a aes eo Lo aie ss

PLANTAGO
°
PLANT SEEDs =

Bao xT FRc

|
4

* Suitable for Vegans & Vegetarians

SUEDE

 
  

   

Horbaach

WARNING:root:No valid value and unit found in /home/rguktrkvalley/Desktop/images/61QsBSE7jgL.jpg
WARNING:root:No value and unit found in text: Directions: For adults, take two (2) vegan capsules
daily, preferably with a meal. Do not exceed stated dose.

Nutrition Information

Typically Per Daily Dose

HIGH ST eee eer
Psyllium Husk Powder 1400mg

mt) 4 SLE)
HUSK

PLANTAGO OVATA
PLANT SEEDS

Ingredients: Psyllium Husk Powder, Capsule Shell (Hy-
droxypropylmethylcellulose), Anti-Caking Agents (Mag-
nesium Salts of Fatty Acids, Silicon Dioxide).

May contain Sesame Seeds & Mustard. For allergens,
see the ingredients in bold.

Notice: Take this product with 220ml of fluids. Taking
this product without adequate fluid may cause the pos-
sibility of choking. Do not use this product if you have
difficulty swallowing. If you experience chest pain, vom-
iting or difficulty in swallowing or breathing after taking
this product, seek immediate medical attention. Do not
take before sleeping. Fibre products can affect the ab-
sorption of many medications. Do not take this product
within 1.5 hours of taking medication.

Free From: Artificial Colour, Artificial Flavour, Artificial
Sweetener, Preservatives.

SUITABLE FOR VEGETARIANS & VEGANS

HU16790 C

 

3 6 a

 

Horbaach

WARNING:root:No valid value and unit found in /home/rguktrkvalley/Desktop/images/81xsq6vf2qL.jpg
WARNING:root:No value and unit found in text:  

   

Yara
FREE

 

A we
coy Si SOY
as
LANTAGO OVATA
LNT SEEDS

PrN a A

3 6 ee bed YN pls
uy

FREE FROM
PRESERVATIVES

    
    
 

Horbaach

WARNING:root:No valid value and unit found in /home/rguktrkvalley/Desktop/images/71DiLRHeZdL.jpg
WARNING:root:No value and unit found in text:    

Horbaach

100%

HIGHEST
QUALITY

   
  
    

  

aCe STRENGTH

pSYLLIUM
HUSK

PLANTAGO OVATA
PLANT SEEDS

Pr

Horbaach

WARNING:root:No valid value and unit found in /home/rguktrkvalley/Desktop/images/91Cma3RzseL.jpg
WARNING:root:No value and unit found in text: NEW LOOK.
SAME Nea» [Ee QUALITY.

 

     
 

Sm
Misauee PSYLLIUM
Tern mORon

PLANT SEEDS

Nh Y/
\ 4
FOOD
SUPPLEMENT w=) OD cAPsULes .
365 VEGAN
me) oko Kova) fs

~ Horbaach

WARNING:root:No valid value and unit found in /home/rguktrkvalley/Desktop/images/71jBLhmTNlL.jpg
INFO:root:Extracted from /home/rguktrkvalley/Desktop/images/81N73b5khVL.jpg: 30KG
INFO:root:Extracted from /home/rguktrkvalley/Desktop/images/61oMj2iXOuL.jpg: 10 kg
WARNING:root:No value and unit found in text:          

  
 
  
 
    

 

:
‘
f 5
i Helps in ss )
“— esteoarthritis Helps in
mee digestion
“Reduces.
inflammation
] 5
ae
(MM

J

Anti-bacterial
properties ,

Helps in
PCOS

 

WARNING:root:No valid value and unit found in /home/rguktrkvalley/Desktop/images/91LPf6OjV9L.jpg
WARNING:root:No value and unit found in text:  

1 Xoy VO) 1 aS

DC Saale Ne
HIGH IN ANTIOXIDANTS
+ COMBATS DISEASES

 

WARNING:root:No valid value and unit found in /home/rguktrkvalley/Desktop/images/81fOxWWWKYL.jpg
INFO:root:Extracted from /home/rguktrkvalley/Desktop/images/81dzao1Ob4L.jpg: 100 g
WARNING:root:No value and unit found in text: oe Loose packaging
ye impurities added

 

oe
Other x Does not preweealy: -
brands () 4

x
\ X

Added presrvatives

    

 

  

 

  

Red = KNIZZZ
Vo Air-tight packaging vA A I 4
AY W
at Impurities free Y a
Moonee! Cy
Brews ely Y * Cc ;

   

| GREEN TEA

WARNING:root:No valid value and unit found in /home/rguktrkvalley/Desktop/images/91-iahVGEDL.jpg
WARNING:root:No value and unit found in text:       

LAA
v

am 7

OO OL Dh tn foto Os
OO OTT Ie r

b A A

Instant Energy

 

WARNING:root:No valid value and unit found in /home/rguktrkvalley/Desktop/images/81S2+GnYpTL.jpg
WARNING:root:No value and unit found in text: A A

VVVVVVY

>
ld
>
>
4
ld
ld
ld

ELE i ie LE
Instant Energy

vv
b dh 2

 

WARNING:root:No valid value and unit found in /home/rguktrkvalley/Desktop/images/81e2YtCOKvL.jpg
WARNING:root:No value and unit found in text:  

WARNING:root:No valid value and unit found in /home/rguktrkvalley/Desktop/images/81RNsNEM1EL.jpg
WARNING:root:No value and unit found in text: hose Ainiee sien GK eee YZ BE

S
2
Qj
&
&
B
Ss

 

we SS Ss = =~

 

ADLINIE (MSE

 

re gecan
=e >
>>!
>,
«a
<a
Py
<
<4
4
> >
ss S
» =
>,
44 Q
‘as 8
Se 8
ld YD
>, S
<
>
i<
id
Py
Pp
<3
4s
Py
> 4
4. sae

 

WARNING:root:No valid value and unit found in /home/rguktrkvalley/Desktop/images/91prZeizZnL.jpg
WARNING:root:No value and unit found in text:  

WARNING:root:No valid value and unit found in /home/rguktrkvalley/Desktop/images/31EvJszFVfL.jpg
WARNING:root:No value and unit found in text: ONE SIZE FITS ALL

STRETCHABLE AND BLACK FABRIC BLOCKS
FORM FITTING THE LIGHT

 

EXPERT-GRADE GEL
NON-TOXIC NO SMELL

 

FLEXIBLE COMFORTABLE FOR
COLD OR HOT THERAPY .
3.11n

ul e’G

 

22.2 in

WARNING:root:No valid value and unit found in /home/rguktrkvalley/Desktop/images/61wzlucTREL.jpg
INFO:root:Extracted from /home/rguktrkvalley/Desktop/images/61sQ+qAKr4L.jpg: 2.7G
WARNING:root:No value and unit found in text: ons to use Knorr
ak Pots:

either: dissolve we
the pot into

500ml of boili
ae ee INQ or:add the
pot directly
to dish.

 

WARNING:root:No valid value and unit found in /home/rguktrkvalley/Desktop/images/81x77l2T5NL.jpg
INFO:root:Extracted from /home/rguktrkvalley/Desktop/images/71nywfWZUwL.jpg: 44KG
INFO:root:Extracted from /home/rguktrkvalley/Desktop/images/71nywfWZUwL.jpg: 44KG
INFO:root:Extracted from /home/rguktrkvalley/Desktop/images/51WsuKKAVrL.jpg: 158g
WARNING:root:No value and unit found in text:  

WARNING:root:No valid value and unit found in /home/rguktrkvalley/Desktop/images/61XGDKap+JL.jpg
WARNING:root:No value and unit found in text:  

® RS
NUVIDA “4b

   

CRANBERRY EXTRACT
High Strength Extract for
Natural Urinary Tract and Bladder Support
SUITABLE FOR VEGETARIANS AND VEGANS

 
     

  

SLOVO ts 20M ET ted
Food Stan tts

WARNING:root:No valid value and unit found in /home/rguktrkvalley/Desktop/images/715vVcWJxGL.jpg
INFO:root:Extracted from /home/rguktrkvalley/Desktop/images/613v+2W4UwL.jpg: 1G
INFO:root:Extracted from /home/rguktrkvalley/Desktop/images/71+fn9TWQmL.jpg: 55 g
INFO:root:Extracted from /home/rguktrkvalley/Desktop/images/71aKgRRQ2wL.jpg: 55 g
INFO:root:Extracted from /home/rguktrkvalley/Desktop/images/71rKXZJrh4L.jpg: 55 g
INFO:root:Extracted from /home/rguktrkvalley/Desktop/images/71D824lbRvL.jpg: 55 g
WARNING:root:No value and unit found in text:      

a¢
t .

   
   

‘

»
USBYCHARGING PORTS

WARNING:root:No valid value and unit found in /home/rguktrkvalley/Desktop/images/71004c9tzfL.jpg
INFO:root:Extracted from /home/rguktrkvalley/Desktop/images/51bQPPtMqYL.jpg: 26g
WARNING:root:No value and unit found in text:    

7 FREEWHEELS 800W 36V
GABEL MINDESTBREITE 135MM

* HINTERRAD MIT BRUSHLESS MOTOR

WARNING:root:No valid value and unit found in /home/rguktrkvalley/Desktop/images/61o2ntPNNgL.jpg
WARNING:root:No value and unit found in text:    

7 FREEWHEELS 800W 36V
GABEL MINDESTBREITE 135MM

* HINTERRAD MIT BRUSHLESS MOTOR

WARNING:root:No valid value and unit found in /home/rguktrkvalley/Desktop/images/61o2ntPNNgL.jpg
INFO:root:Extracted from /home/rguktrkvalley/Desktop/images/71IUuTJ8QwL.jpg: 330lb
WARNING:root:No value and unit found in text: Particularly smooth

 

WARNING:root:No valid value and unit found in /home/rguktrkvalley/Desktop/images/915JHkwtcrL.jpg
INFO:root:Extracted from /home/rguktrkvalley/Desktop/images/71cjrYndwIL.jpg: 10g
WARNING:root:No value and unit found in text: it CE

 
 

  

Zi;

Made with Belgian Chocolate
includes Mini Marshmallows

@ © O

 

. _ | 1
Milk peppermint Double Ayelinavo}

Chocolate Chocolate Caramel

CTEM TSE SRSTUCCI NGO VIOUS Pa ee
MARSHMALLOWS (SUGAR, GLUCOSE SYRUP, GELATIN, SULMentron
CORN STARCH, DEXTROSE, ARTFICIAL FLAVOR, TETRASODIUM
PYROPHOSPHATE), COCOA MASS, EMULSIFIERS (SOY LECITHIN, PGPR),
TAT 2 ATCO

CONTAINS: MILK, SOY.

ce MN eM
VANILLA EXTRACT, PEPPERMINT FLAVOR,
COTO A

PTR aU SSCL Ra Cee

DISTRIBUTED BY FRANKFORD CANDY LLC
PURO Nt ae

MOLDED AND PACKED IN CHINA
CS eae

Cer)

 

WARNING:root:No valid value and unit found in /home/rguktrkvalley/Desktop/images/81hnk2WXO3L.jpg
WARNING:root:No value and unit found in text:  

WARNING:root:No valid value and unit found in /home/rguktrkvalley/Desktop/images/61HXgujoxpL.jpg
WARNING:root:No value and unit found in text:  

220mm/8.66in

 

<----->
32mm/1.25in

€-------------------------------->

305mm/12.00in

 

 

 

Ceiling

Wall

Ground

WARNING:root:No valid value and unit found in /home/rguktrkvalley/Desktop/images/613G8GOyLSL.jpg
WARNING:root:No value and unit found in text: CRE OT

 

Thickened
La Glass

 

High-Quality
RSs)

 

Die-Cast
Alumium Frame

IP65

 

 

\ \ Mental
$ stole) <=}

WARNING:root:No valid value and unit found in /home/rguktrkvalley/Desktop/images/71YyZ2iPyZL.jpg
WARNING:root:No value and unit found in text:  

©9909

Dustproof Heat-resisting _ Frost-resistant

 

WARNING:root:No valid value and unit found in /home/rguktrkvalley/Desktop/images/81K3JwUCnQL.jpg
ERROR:root:Error extracting text from image /home/rguktrkvalley/Desktop/images/41wvffSxB4L.jpg: image file is truncated (6 bytes not processed)
WARNING:root:No text extracted from /home/rguktrkvalley/Desktop/images/41wvffSxB4L.jpg
INFO:root:Extracted from /home/rguktrkvalley/Desktop/images/91cErO-KbLL.jpg: 200G
WARNING:root:No value and unit found in text:  

KOMFO Sita -

cm,

  

\ , ’ | am yp ">

DAS HERZSTUCK: EE

STARKER UND EFFIZIENTER MOTOR FUR ANGENEHMEN FAHRKOMFORT

KRAFTVOLLE UND EFFIZIENTE EXTREM LEISER UND UNGLAUBLICHES DREHMOMENT
UNTERSTUTZUNG BIS LEISTUNGSSTARKER MOTOR MIT VON

25 KM/H 250 W 45 NM

WARNING:root:No valid value and unit found in /home/rguktrkvalley/Desktop/images/817vo3DcCNL.jpg
WARNING:root:No value and unit found in text: M4 (NB) U) ae)
Your Old and Close Friend Ever!

 

WARNING:root:No valid value and unit found in /home/rguktrkvalley/Desktop/images/61AHQ35poHL.jpg
INFO:root:Extracted from /home/rguktrkvalley/Desktop/images/61WFh8RCQYL.jpg: 0.8KG
INFO:root:Extracted from /home/rguktrkvalley/Desktop/images/711SATIDrmL.jpg: 169g
INFO:root:Extracted from /home/rguktrkvalley/Desktop/images/61x6RSjwQIL.jpg: 10g
WARNING:root:No value and unit found in text:  

WARNING:root:No valid value and unit found in /home/rguktrkvalley/Desktop/images/613BeFNwHcL.jpg
INFO:root:Extracted from /home/rguktrkvalley/Desktop/images/61hWZdkq6WL.jpg: 750g
WARNING:root:No value and unit found in text:  
   
     
      
   
   
   

Specifications:

 

Material: ~ borosilicate glass
Colors: ¢ 3- Natural, Pink, Gold
Weight:

Volume:

Shape:

 

9,5cm

 

 

 

WARNING:root:No valid value and unit found in /home/rguktrkvalley/Desktop/images/71E7CU55dcL.jpg
INFO:root:Extracted from /home/rguktrkvalley/Desktop/images/61c+hSNnnZL.jpg: 270 g
WARNING:root:No value and unit found in text: QT - aslauttn | =
Net We. 5009 |IIIMIIIl

2929°001101

 

WARNING:root:No valid value and unit found in /home/rguktrkvalley/Desktop/images/915w0BdW-gL.jpg
WARNING:root:No value and unit found in text:  
 

 
    

a2 i oo f
NOSE Se

MUSCLE
MASS GAINER

%
CHOCOLATE
MILKSHAKE

rie, ZERO NETH

ADDED SUGAR

 

WARNING:root:No valid value and unit found in /home/rguktrkvalley/Desktop/images/61sx0ezNNLL.jpg
WARNING:root:No value and unit found in text: PREMIUM QUALITY
INGRIDIENTS

HIGH QUALITY
PROTEIN BLEND

 

ADDED

CREATINE
MONOHYDRATE
MASS GMINER, m BCAA &
«oy J GLUTAMINE
|00% - »
: Vie TINH

 

z 4 a |)

WARNING:root:No valid value and unit found in /home/rguktrkvalley/Desktop/images/71ldprwbKrL.jpg
WARNING:root:No value and unit found in text: DESIGNED FOR
EXTREME. GAINS

{ |

MUSCLE A
MASS GRINER

ems
Teas

091 paren

 

Catt

ce
=

Support Weight &
Muscle Building

Muscle Size &
Strength

Rapid Muscle
Recovery

A Muscle
Break down

 

WARNING:root:No valid value and unit found in /home/rguktrkvalley/Desktop/images/71E9iF-bmKL.jpg
INFO:root:Extracted from /home/rguktrkvalley/Desktop/images/71sWRp1SNwL.jpg: 50 g
WARNING:root:No value and unit found in text: 60W

6.600lm

bianco naturale

IP65

 

WARNING:root:No valid value and unit found in /home/rguktrkvalley/Desktop/images/61Fwq4GeTmL.jpg
WARNING:root:No value and unit found in text: Dendrobium &Mul
lei
Extract Herbal Dron
Powerful Lung Support +

Cleanse +
Respiratory +

ee Fee
(eet Rt ee ess

Fuerte
Prrculoy

Cleans &
eee a

© FREE - ISO

 

robium &Mullein
ict Herbal Drop

rful Lung Support
iratory

 

VEGAN - GMO FREE - ISO

WARNING:root:No valid value and unit found in /home/rguktrkvalley/Desktop/images/61-oj+N+BxL.jpg
WARNING:root:No value and unit found in text:  

DENDROBIUM & MU

4a
ene |

ae

WARNING:root:No valid value and unit found in /home/rguktrkvalley/Desktop/images/71e6kJLE+LL.jpg
WARNING:root:No value and unit found in text: waz

   
 

Dendrobium &Mullein
Extract Herbal Drop

   
 

Cleanse «

HERBAL DROPS OF DENDROBIUM
AND PISTILUS EXTRACTS

The herbal drops are absorbed under the
tongue. The ingredients act on the lungs

and respiratory system through the blood,
stimulate and dilute the mucus in the trachea
and lungs, help expel sputum and lung residues
within 2 hours, and dredge the airway.

WARNING:root:No valid value and unit found in /home/rguktrkvalley/Desktop/images/71SuzaRS7gL.jpg
WARNING:root:No value and unit found in text:  

WARNING:root:No valid value and unit found in /home/rguktrkvalley/Desktop/images/71nsfFCXF0L.jpg
WARNING:root:No value and unit found in text:       

MAIN COMPONEN

Dendrobium &Muitein
Extract Herbal Drop

WARNING:root:No valid value and unit found in /home/rguktrkvalley/Desktop/images/71hgN7yu9OL.jpg
WARNING:root:No value and unit found in text: Biss [al et 9)

  
  
  

s

RS
CLEANEST
Te es

esta U1
ata

ee

WARNING:root:No valid value and unit found in /home/rguktrkvalley/Desktop/images/61SmT8pkLtL.jpg
INFO:root:Extracted from /home/rguktrkvalley/Desktop/images/71ZtDgGX+iL.jpg: 8.1 g
WARNING:root:No value and unit found in text: 
WARNING:root:No valid value and unit found in /home/rguktrkvalley/Desktop/images/413FQB0ZMLL.jpg
WARNING:root:No value and unit found in text:  

WARNING:root:No valid value and unit found in /home/rguktrkvalley/Desktop/images/41EjbFu-+yL.jpg
WARNING:root:No value and unit found in text:  

WARNING:root:No valid value and unit found in /home/rguktrkvalley/Desktop/images/71dWDwMhWmS.jpg
WARNING:root:No value and unit found in text:   

turals

 

Ui
Na

     
  

yy W ¢

i.

 

MILLET SHORTBREAD

AT Su Mtb cade

 

NCCI Beas Pye Le] Pre)
Bxcsoe FROM ascend
Oia noed Praha
FOR yxas AGE ee FOR

GROUPS. ca

Nena
oem

   

  

WARNING:root:No valid value and unit found in /home/rguktrkvalley/Desktop/images/61d6Kj80QSL.jpg
WARNING:root:No value and unit found in text:  

 

 

  

MILLET SHORTBREAD

Er aes Lee] Pie he

-
cane
ran

aa aed
DIGESTION

yNT Ret) Aca

ee aaoae

El
ey eonee
ol tate |

GROUPS.

WARNING:root:No valid value and unit found in /home/rguktrkvalley/Desktop/images/71bvOuz9w1L.jpg
WARNING:root:No value and unit found in text: All Natural
ngredients

——— oe

Zz ra

Se
Qaantum
Naturals

   
     
 
    

   

Fennel

FNL Peas eee) Ces
eran eta
pope

create |

mace |

 

ie
Ay

_
————s

Millet

Net Mae

  

na

 

 

Multigrains

WARNING:root:No valid value and unit found in /home/rguktrkvalley/Desktop/images/71l0M0tMGjL.jpg
WARNING:root:No value and unit found in text: All day snack
for boosting energy

All Natural

    
      
  

Ingredients
Juantum &
Improves “eturals Quick source
Digestion : of Energy
a eee Rich in fibre

Delicious in

taste and vitamins

uta
a

=

Contains superfood in
combination with Millets
and Multigrains

WARNING:root:No valid value and unit found in /home/rguktrkvalley/Desktop/images/71Lpqdrpi4L.jpg
INFO:root:Extracted from /home/rguktrkvalley/Desktop/images/71jLIbCcwOL.jpg: 100g
WARNING:root:No value and unit found in text: Available i
T e in
WO OTHER DIFFERENT
FLAVOURS

MILLET SHORTBREAD

ue [ya eu

as
Pie Neco

eres

Eas pretest alae

k for Pretest has

COR
All day snac!

Banos
Pye
es ee es

Nef Mee

MILLET SHORTBREAD

With Psyllium ecu PL

ais
Pere ee ale

wo eas Pere) She
eee ers
Bod pata
Ei pre
nT) ee

Nas Pe

 

WARNING:root:No valid value and unit found in /home/rguktrkvalley/Desktop/images/718EdwGgyVL.jpg
WARNING:root:No value and unit found in text:  

WARNING:root:No valid value and unit found in /home/rguktrkvalley/Desktop/images/713twQgCHSL.jpg
WARNING:root:No value and unit found in text: Unsere Produkte reduzieren die Betrieoskosten
des Druckers um bis zu 60% und behalten dabei
den hohen technischen Parameter und die
Druckqualitat bei.

 

WARNING:root:No valid value and unit found in /home/rguktrkvalley/Desktop/images/61I0O1qJbhS.jpg
WARNING:root:No value and unit found in text: HOW TO USE

     
  

1 TEST 2 PREP
Take a easy skin allergy test Skin care and moisturizing before use

 

3 CUT 4sticK
Cut to the size as required Cover the areas that need

WARNING:root:No valid value and unit found in /home/rguktrkvalley/Desktop/images/61eOO5IW4NL.jpg
WARNING:root:No value and unit found in text: Suggested
Storage

Store in a cool,
dry place after

opening. mm oo.

 

WARNING:root:No valid value and unit found in /home/rguktrkvalley/Desktop/images/716AQpAJjZL.jpg
WARNING:root:No value and unit found in text: I TeYey

0) AN Le

 

 

 

rece

WARNING:root:No valid value and unit found in /home/rguktrkvalley/Desktop/images/71FVeRd2jqL.jpg
WARNING:root:No value and unit found in text: m eae

Grand Dessert Schoko

Bear ae) MPA Ey Cl MCU
i NIS rabeareseainnauvr Zucker, modifi
ae (Lucker, Kakaopulver

| ig

 
   

US

One Hr Seca
Os a

124 kcal)

SID KI (4a

Ae)

ie af
os esa ir it |

TPO
Lea

a) aT
Rr mit

4 "002971253009 §

WARNING:root:No valid value and unit found in /home/rguktrkvalley/Desktop/images/81njuNSPdjL.jpg
WARNING:root:No value and unit found in text:  

WARNING:root:No valid value and unit found in /home/rguktrkvalley/Desktop/images/51xfRlxWIXL.jpg
WARNING:root:No value and unit found in text: Supports :

Y Stress & Anxiety Buster*
Y Improve Sleep Quality*
Y Strength & Stamina*

a
KSM-66"
Ashwagandha

5% withanolides

rN eee —
NORA! I Veaps® Plus

 

WARNING:root:No valid value and unit found in /home/rguktrkvalley/Desktop/images/71duwM3SjpL.jpg
INFO:root:Extracted from /home/rguktrkvalley/Desktop/images/612xIhPMHqL.jpg: 3.2G
INFO:root:Extracted from /home/rguktrkvalley/Desktop/images/51b9JEHOriL.jpg: 6.5g
INFO:root:Extracted from /home/rguktrkvalley/Desktop/images/81lgxfKqUUL.jpg: 160G
INFO:root:Extracted from /home/rguktrkvalley/Desktop/images/814sAvV89SL.jpg: 42g
INFO:root:Extracted from /home/rguktrkvalley/Desktop/images/61cMeogK8gL.jpg: 26 Gram
WARNING:root:No value and unit found in text: Specification: :
Product name: Solar Sensor Wall Lights
Quantity: 2PCS / :
Solar panel: 5.5V, 0.55W
LED: 144 LED
Sensor angle: 120 degrees
Sensor distance: 3-7m :
Protection level: IP65 waterproof
Ideal mounting height: 1.8-2.5m
_ Working temperature: -40°C~+85 °C
Switch: Mode 1 — Mode 2 > Mode 3 off :
Product Size: 12.4x9.6x Pave ustsine Crs ee cea
Charging time: 8 hours in the sunlight

Function Switch:

4. The first work mode: continuously bright light

2 The 2nd work mode: the lights will illuminate with a
constant light in dark places, when people go through
the sensor area, strong lighting 20 seconds. And the light
will turn to dim after people leave the induction area.

3. The 3rd work mode: When people go through the sensor
area, the light will be strong. And the light willturn off after
people leave the induction area. :

ae
a etn

Made in China

 

WARNING:root:No valid value and unit found in /home/rguktrkvalley/Desktop/images/811VfR10yxL.jpg
WARNING:root:No value and unit found in text:  

Non.
rq YAO tablets eno0s0t

comprimés

 

 

 

 

 

WARNING:root:No valid value and unit found in /home/rguktrkvalley/Desktop/images/71WLYfmMqQL.jpg
WARNING:root:No value and unit found in text:  

WARNING:root:No valid value and unit found in /home/rguktrkvalley/Desktop/images/61Dq3LRei9L.jpg
WARNING:root:No value and unit found in text:  

WARNING:root:No valid value and unit found in /home/rguktrkvalley/Desktop/images/71XK5d3Oh9L.jpg
WARNING:root:No value and unit found in text:  

WARNING:root:No valid value and unit found in /home/rguktrkvalley/Desktop/images/61kyBEJYDeL.jpg
INFO:root:Extracted from /home/rguktrkvalley/Desktop/images/71uQmsTESvL.jpg: 1 g
INFO:root:Extracted from /home/rguktrkvalley/Desktop/images/71jG8BOi4WL.jpg: 16G
ERROR:root:Error extracting text from image /home/rguktrkvalley/Desktop/images/41wvffSxB4L.jpg: image file is truncated (6 bytes not processed)
ERROR:root:Error extracting text from image /home/rguktrkvalley/Desktop/images/41wvffSxB4L.jpg: image file is truncated (6 bytes not processed)
WARNING:root:No valid text extracted to parse.
